<?xml version="1.0" encoding="utf-8"?><testsuites name="pytest tests"><testsuite name="pytest" errors="0" failures="1" skipped="0" tests="17" time="8.028" timestamp="2026-09-18T09:55:24.232411+00:00" hostname="agent-env-797bbceb-1544-416e-9057-9b67f27df8b2"><testcase classname="backend.tests.test_cde_api.TestAuthAndProvision" name="test_get_profile_requires_auth" time="0.220" /><testcase classname="backend.tests.test_cde_api.TestAuthAndProvision" name="test_provision_and_get_profile" time="0.187" /><testcase classname="backend.tests.test_cde_api.TestProcessWin" name="test_process_win_awards_permen_and_missions" time="0.278" /><testcase classname="backend.tests.test_cde_api.TestProcessWin" name="test_daily_challenge_bonus_only_once" time="0.436" /><testcase classname="backend.tests.test_cde_api.TestItemsPurchaseUse" name="test_purchase_item_deducts_and_increments[hint-250]" time="0.655" /><testcase classname="backend.tests.test_cde_api.TestItemsPurchaseUse" name="test_purchase_item_deducts_and_increments[shuffle-300]" time="0.708" /><testcase classname="backend.tests.test_cde_api.TestItemsPurchaseUse" name="test_purchase_item_deducts_and_increments[hammer-400]" time="0.771" /><testcase classname="backend.tests.test_cde_api.TestItemsPurchaseUse" name="test_purchase_item_deducts_and_increments[bomb-600]" time="1.043" /><testcase classname="backend.tests.test_cde_api.TestItemsPurchaseUse" name="test_purchase_theme_ocean" time="1.022" /><testcase classname="backend.tests.test_cde_api.TestItemsPurchaseUse" name="test_purchase_insufficient_permen" time="0.250" /><testcase classname="backend.tests.test_cde_api.TestItemsPurchaseUse" name="test_use_item_decrements" time="0.398" /><testcase classname="backend.tests.test_cde_api.TestMissions" name="test_claim_incomplete_mission_fails" time="0.358" /><testcase classname="backend.tests.test_cde_api.TestUpdateProfile" name="test_only_protected_fields_ignored" time="0.304" /><testcase classname="backend.tests.test_cde_api.TestStaleRevision" name="test_stale_revision_returns_409" time="0.279" /><testcase classname="backend.tests.test_cde_api.TestAchievements" name="test_claim_high_score_after_2500" time="0.457" /><testcase classname="backend.tests.test_cde_api.TestChest" name="test_open_chest_not_ready" time="0.228" /><testcase classname="backend.tests.test_cde_api.TestChest" name="test_speed_up_chest_flow" time="0.348"><failure message="AttributeError: 'NoneType' object has no attribute 'get'">backend/tests/test_cde_api.py:210: in test_speed_up_chest_flow
    slot_id = slot.get("id", slot.get("slotId", 0))
              ^^^^^^^^
E   AttributeError: 'NoneType' object has no attribute 'get'</failure></testcase></testsuite></testsuites>